<?xml version="1.0" encoding="UTF-8"?>
<testsuite name="dev.robert.core.ExampleUnitTest" tests="1" skipped="0" failures="0" errors="0" timestamp="2024-05-31T09:02:08" hostname="Roberts-MacBook-Pro.local" time="0.001">
  <properties/>
  <testcase name="addition_isCorrect" classname="dev.robert.core.ExampleUnitTest" time="0.001"/>
  <system-out><![CDATA[]]></system-out>
  <system-err><![CDATA[]]></system-err>
</testsuite>
